<?xml version="1.0" encoding="UTF-8"?>
<!-- Generated by org.testng.reporters.JUnitXMLReporter -->
<testsuite hostname="IN-NADIRI" name="Smoke Testcases" tests="8" failures="4" timestamp="27 Aug 2015 18:34:15 GMT" time="23.049" errors="0">
  <testcase name="OpeningBrowser" time="0.037" classname="testngFiles.DependenyAnnot">
    <failure type="java.io.FileNotFoundException" message="C:\Workspace\Framework\src\testngFiles\datadriven.properties (The system cannot find the path specified)">
      <![CDATA[java.io.FileNotFoundException: C:\Workspace\Framework\src\testngFiles\datadriven.properties (The system cannot find the path specified)
	at java.io.FileInputStream.open(Native Method)
	at java.io.FileInputStream.<init>(FileInputStream.java:146)
	at java.io.FileInputStream.<init>(FileInputStream.java:101)
	at testngFiles.TestBase.Login(TestBase.java:24)
	at testngFiles.DependenyAnnot.OpeningBrowser(DependenyAnnot.java:13)
... Removed 23 stack frames]]>
    </failure>
  </testcase> <!-- OpeningBrowser -->
  <testcase name="Timerelated" time="0.391" classname="testngFiles.DependenyAnnot"/>
  <testcase name="software" time="0.001" classname="testngFiles.DependenyAnnot"/>
  <testcase name="Login" time="0.001" classname="testngFiles.DependenyAnnot">
    <failure type="java.io.FileNotFoundException" message="C:\Workspace\Framework\src\testngFiles\datadriven.properties (The system cannot find the path specified)">
      <![CDATA[java.io.FileNotFoundException: C:\Workspace\Framework\src\testngFiles\datadriven.properties (The system cannot find the path specified)
	at java.io.FileInputStream.open(Native Method)
	at java.io.FileInputStream.<init>(FileInputStream.java:146)
	at java.io.FileInputStream.<init>(FileInputStream.java:101)
	at testngFiles.TestBase.Login(TestBase.java:24)
... Removed 23 stack frames]]>
    </failure>
  </testcase> <!-- Login -->
  <testcase name="FlightBooking" time="0.001" classname="testngFiles.DependenyAnnot">
    <failure type="java.io.FileNotFoundException" message="C:\Workspace\Framework\src\testngFiles\datadriven.properties (The system cannot find the path specified)">
      <![CDATA[java.io.FileNotFoundException: C:\Workspace\Framework\src\testngFiles\datadriven.properties (The system cannot find the path specified)
	at java.io.FileInputStream.open(Native Method)
	at java.io.FileInputStream.<init>(FileInputStream.java:146)
	at java.io.FileInputStream.<init>(FileInputStream.java:101)
	at testngFiles.TestBase.Login(TestBase.java:24)
	at testngFiles.DependenyAnnot.FlightBooking(DependenyAnnot.java:20)
... Removed 23 stack frames]]>
    </failure>
  </testcase> <!-- FlightBooking -->
  <testcase name="setup" time="22.567" classname="testngFiles.SaucelabTest"/>
  <testcase name="software" time="0.0" classname="testngFiles.TestBase"/>
  <testcase name="Login" time="0.001" classname="testngFiles.TestBase">
    <failure type="java.io.FileNotFoundException" message="C:\Workspace\Framework\src\testngFiles\datadriven.properties (The system cannot find the path specified)">
      <![CDATA[java.io.FileNotFoundException: C:\Workspace\Framework\src\testngFiles\datadriven.properties (The system cannot find the path specified)
	at java.io.FileInputStream.open(Native Method)
	at java.io.FileInputStream.<init>(FileInputStream.java:146)
	at java.io.FileInputStream.<init>(FileInputStream.java:101)
	at testngFiles.TestBase.Login(TestBase.java:24)
... Removed 23 stack frames]]>
    </failure>
  </testcase> <!-- Login -->
</testsuite> <!-- Smoke Testcases -->
